# JRE version: OpenJDK Runtime Environment (8.0_152-b01) (build 1.8.0_152-release-915-b01)
# Java VM: OpenJDK 64-Bit Server VM (25.152-b01 mixed mode windows-amd64 compressed oops)
Heap:
 PSYoungGen      total 404992K, used 122484K [0x00000000e0000000, 0x00000000ff900000, 0x0000000100000000)
  eden space 296960K, 41% used [0x00000000e0000000,0x00000000e779d390,0x00000000f2200000)
  from space 108032K, 0% used [0x00000000f8f80000,0x00000000f8f80000,0x00000000ff900000)
  to   space 110080K, 0% used [0x00000000f2200000,0x00000000f2200000,0x00000000f8d80000)
 ParOldGen       total 117248K, used 51993K [0x00000000a0000000, 0x00000000a7280000, 0x00000000e0000000)
  object space 117248K, 44% used [0x00000000a0000000,0x00000000a32c64c0,0x00000000a7280000)
 Metaspace       used 79217K, capacity 82166K, committed 82216K, reserved 1120256K
  class space    used 9962K, capacity 10507K, committed 10536K, reserved 1048576K
GC Heap History (10 events):
Event: 1656.892 GC heap before
{Heap before GC invocations=45 (full 6):
 PSYoungGen      total 342016K, used 312244K [0x00000000e0000000, 0x00000000fb600000, 0x0000000100000000)
  eden space 248832K, 100% used [0x00000000e0000000,0x00000000ef300000,0x00000000ef300000)
  from space 93184K, 68% used [0x00000000f5280000,0x00000000f906d3c8,0x00000000fad80000)
  to   space 97792K, 0% used [0x00000000ef300000,0x00000000ef300000,0x00000000f5280000)
 ParOldGen       total 117248K, used 66849K [0x00000000a0000000, 0x00000000a7280000, 0x00000000e0000000)
  object space 117248K, 57% used [0x00000000a0000000,0x00000000a41486e8,0x00000000a7280000)
 Metaspace       used 76438K, capacity 79214K, committed 79528K, reserved 1118208K
  class space    used 9561K, capacity 10077K, committed 10152K, reserved 1048576K
Event: 1657.161 GC heap after
Heap after GC invocations=45 (full 6):
 PSYoungGen      total 346624K, used 93487K [0x00000000e0000000, 0x0000000100000000, 0x0000000100000000)
  eden space 248832K, 0% used [0x00000000e0000000,0x00000000e0000000,0x00000000ef300000)
  from space 97792K, 95% used [0x00000000ef300000,0x00000000f4e4be98,0x00000000f5280000)
  to   space 112128K, 0% used [0x00000000f9280000,0x00000000f9280000,0x0000000100000000)
 ParOldGen       total 117248K, used 70091K [0x00000000a0000000, 0x00000000a7280000, 0x00000000e0000000)
  object space 117248K, 59% used [0x00000000a0000000,0x00000000a4472e88,0x00000000a7280000)
 Metaspace       used 76438K, capacity 79214K, committed 79528K, reserved 1118208K
  class space    used 9561K, capacity 10077K, committed 10152K, reserved 1048576K
}
Event: 1658.642 GC heap before
{Heap before GC invocations=46 (full 6):
 PSYoungGen      total 346624K, used 342319K [0x00000000e0000000, 0x0000000100000000, 0x0000000100000000)
  eden space 248832K, 100% used [0x00000000e0000000,0x00000000ef300000,0x00000000ef300000)
  from space 97792K, 95% used [0x00000000ef300000,0x00000000f4e4be98,0x00000000f5280000)
  to   space 112128K, 0% used [0x00000000f9280000,0x00000000f9280000,0x0000000100000000)
 ParOldGen       total 117248K, used 70091K [0x00000000a0000000, 0x00000000a7280000, 0x00000000e0000000)
  object space 117248K, 59% used [0x00000000a0000000,0x00000000a4472e88,0x00000000a7280000)
 Metaspace       used 76488K, capacity 79248K, committed 79528K, reserved 1118208K
  class space    used 9567K, capacity 10110K, committed 10152K, reserved 1048576K
Event: 1658.748 GC heap after
Heap after GC invocations=46 (full 6):
 PSYoungGen      total 406016K, used 70013K [0x00000000e0000000, 0x0000000100000000, 0x0000000100000000)
  eden space 293888K, 0% used [0x00000000e0000000,0x00000000e0000000,0x00000000f1f00000)
  from space 112128K, 62% used [0x00000000f9280000,0x00000000fd6df540,0x0000000100000000)
  to   space 115200K, 0% used [0x00000000f1f00000,0x00000000f1f00000,0x00000000f8f80000)
 ParOldGen       total 117248K, used 71835K [0x00000000a0000000, 0x00000000a7280000, 0x00000000e0000000)
  object space 117248K, 61% used [0x00000000a0000000,0x00000000a4626e98,0x00000000a7280000)
 Metaspace       used 76488K, capacity 79248K, committed 79528K, reserved 1118208K
  class space    used 9567K, capacity 10110K, committed 10152K, reserved 1048576K
}
Event: 1662.355 GC heap before
{Heap before GC invocations=47 (full 6):
 PSYoungGen      total 406016K, used 362921K [0x00000000e0000000, 0x0000000100000000, 0x0000000100000000)
  eden space 293888K, 99% used [0x00000000e0000000,0x00000000f1e0b2b0,0x00000000f1f00000)
  from space 112128K, 62% used [0x00000000f9280000,0x00000000fd6df540,0x0000000100000000)
  to   space 115200K, 0% used [0x00000000f1f00000,0x00000000f1f00000,0x00000000f8f80000)
 ParOldGen       total 117248K, used 71835K [0x00000000a0000000, 0x00000000a7280000, 0x00000000e0000000)
  object space 117248K, 61% used [0x00000000a0000000,0x00000000a4626e98,0x00000000a7280000)
 Metaspace       used 78900K, capacity 81790K, committed 81960K, reserved 1120256K
  class space    used 9925K, capacity 10471K, committed 10536K, reserved 1048576K
Event: 1662.510 GC heap after
Heap after GC invocations=47 (full 6):
 PSYoungGen      total 409088K, used 56304K [0x00000000e0000000, 0x00000000ffd00000, 0x0000000100000000)
  eden space 293888K, 0% used [0x00000000e0000000,0x00000000e0000000,0x00000000f1f00000)
  from space 115200K, 48% used [0x00000000f1f00000,0x00000000f55fc248,0x00000000f8f80000)
  to   space 112128K, 0% used [0x00000000f8f80000,0x00000000f8f80000,0x00000000ffd00000)
 ParOldGen       total 117248K, used 84898K [0x00000000a0000000, 0x00000000a7280000, 0x00000000e0000000)
  object space 117248K, 72% used [0x00000000a0000000,0x00000000a52e8be0,0x00000000a7280000)
 Metaspace       used 78900K, capacity 81790K, committed 81960K, reserved 1120256K
  class space    used 9925K, capacity 10471K, committed 10536K, reserved 1048576K
}
Event: 1663.371 GC heap before
{Heap before GC invocations=48 (full 6):
 PSYoungGen      total 409088K, used 162662K [0x00000000e0000000, 0x00000000ffd00000, 0x0000000100000000)
  eden space 293888K, 36% used [0x00000000e0000000,0x00000000e67dd7a8,0x00000000f1f00000)
  from space 115200K, 48% used [0x00000000f1f00000,0x00000000f55fc248,0x00000000f8f80000)
  to   space 112128K, 0% used [0x00000000f8f80000,0x00000000f8f80000,0x00000000ffd00000)
 ParOldGen       total 117248K, used 84898K [0x00000000a0000000, 0x00000000a7280000, 0x00000000e0000000)
  object space 117248K, 72% used [0x00000000a0000000,0x00000000a52e8be0,0x00000000a7280000)
 Metaspace       used 78990K, capacity 81814K, committed 81960K, reserved 1120256K
  class space    used 9941K, capacity 10477K, committed 10536K, reserved 1048576K
Event: 1663.509 GC heap after
Heap after GC invocations=48 (full 6):
 PSYoungGen      total 404992K, used 21766K [0x00000000e0000000, 0x00000000ff900000, 0x0000000100000000)
  eden space 296960K, 0% used [0x00000000e0000000,0x00000000e0000000,0x00000000f2200000)
  from space 108032K, 20% used [0x00000000f8f80000,0x00000000fa4c1860,0x00000000ff900000)
  to   space 110080K, 0% used [0x00000000f2200000,0x00000000f2200000,0x00000000f8d80000)
 ParOldGen       total 117248K, used 108365K [0x00000000a0000000, 0x00000000a7280000, 0x00000000e0000000)
  object space 117248K, 92% used [0x00000000a0000000,0x00000000a69d35d8,0x00000000a7280000)
 Metaspace       used 78990K, capacity 81814K, committed 81960K, reserved 1120256K
  class space    used 9941K, capacity 10477K, committed 10536K, reserved 1048576K
}
Event: 1663.511 GC heap before
{Heap before GC invocations=49 (full 7):
 PSYoungGen      total 404992K, used 21766K [0x00000000e0000000, 0x00000000ff900000, 0x0000000100000000)
  eden space 296960K, 0% used [0x00000000e0000000,0x00000000e0000000,0x00000000f2200000)
  from space 108032K, 20% used [0x00000000f8f80000,0x00000000fa4c1860,0x00000000ff900000)
  to   space 110080K, 0% used [0x00000000f2200000,0x00000000f2200000,0x00000000f8d80000)
 ParOldGen       total 117248K, used 108365K [0x00000000a0000000, 0x00000000a7280000, 0x00000000e0000000)
  object space 117248K, 92% used [0x00000000a0000000,0x00000000a69d35d8,0x00000000a7280000)
 Metaspace       used 78990K, capacity 81814K, committed 81960K, reserved 1120256K
  class space    used 9941K, capacity 10477K, committed 10536K, reserved 1048576K
Event: 1665.046 GC heap after
Heap after GC invocations=49 (full 7):
 PSYoungGen      total 404992K, used 0K [0x00000000e0000000, 0x00000000ff900000, 0x0000000100000000)
  eden space 296960K, 0% used [0x00000000e0000000,0x00000000e0000000,0x00000000f2200000)
  from space 108032K, 0% used [0x00000000f8f80000,0x00000000f8f80000,0x00000000ff900000)
  to   space 110080K, 0% used [0x00000000f2200000,0x00000000f2200000,0x00000000f8d80000)
 ParOldGen       total 117248K, used 51993K [0x00000000a0000000, 0x00000000a7280000, 0x00000000e0000000)
  object space 117248K, 44% used [0x00000000a0000000,0x00000000a32c64c0,0x00000000a7280000)
 Metaspace       used 78990K, capacity 81814K, committed 81960K, reserved 1120256K
  class space    used 9941K, capacity 10477K, committed 10536K, reserved 1048576K
}

